<?xml version="1.0" encoding="UTF-8"?>
<!-- Generated by org.testng.reporters.JUnitReportReporter -->
<testsuite skipped="0" hostname="Lahari" name="com.argos.project.testcases.TelevisionProductTestCase" tests="1" failures="0" timestamp="03 Sep 2017 06:46:01 GMT" time="44.064" errors="0">
  <testcase name="Tc_01_televisionProductTestCase1" time="44.064" classname="com.argos.project.testcases.TelevisionProductTestCase"/>
</testsuite> <!-- com.argos.project.testcases.TelevisionProductTestCase -->
